06:19:36.872 [main] INFO  testCases.TC001_AccountRegistrationTest - *** Strating TC001_AccountRegistrationTest ***
06:19:37.015 [main] INFO  testCases.TC001_AccountRegistrationTest - *** Clicked on MyAccount link ***
06:19:37.595 [main] INFO  testCases.TC001_AccountRegistrationTest - *** clicked on Register link ***
06:19:37.601 [main] INFO  testCases.TC001_AccountRegistrationTest - *** Providing Customer Details ***
06:19:42.724 [main] INFO  testCases.TC001_AccountRegistrationTest - *** Validating Expexted Messages ***
06:24:52.923 [main] INFO  testCases.TC001_AccountRegistrationTest - *** Strating TC001_AccountRegistrationTest ***
06:24:53.046 [main] INFO  testCases.TC001_AccountRegistrationTest - *** Clicked on MyAccount link ***
06:24:53.526 [main] INFO  testCases.TC001_AccountRegistrationTest - *** clicked on Register link ***
06:24:53.530 [main] INFO  testCases.TC001_AccountRegistrationTest - *** Providing Customer Details ***
06:24:58.840 [main] INFO  testCases.TC001_AccountRegistrationTest - *** Validating Expexted Messages ***
06:33:15.552 [main] INFO  testCases.TC001_AccountRegistrationTest - *** Strating TC001_AccountRegistrationTest ***
06:33:15.687 [main] INFO  testCases.TC001_AccountRegistrationTest - *** Clicked on MyAccount link ***
06:33:16.219 [main] INFO  testCases.TC001_AccountRegistrationTest - *** clicked on Register link ***
06:33:16.222 [main] INFO  testCases.TC001_AccountRegistrationTest - *** Providing Customer Details ***
06:33:21.097 [main] INFO  testCases.TC001_AccountRegistrationTest - *** Validating Expexted Messages ***
06:34:26.087 [main] INFO  testCases.TC001_AccountRegistrationTest - *** Strating TC001_AccountRegistrationTest ***
06:34:26.215 [main] INFO  testCases.TC001_AccountRegistrationTest - *** Clicked on MyAccount link ***
06:34:26.690 [main] INFO  testCases.TC001_AccountRegistrationTest - *** clicked on Register link ***
06:34:26.692 [main] INFO  testCases.TC001_AccountRegistrationTest - *** Providing Customer Details ***
06:34:31.828 [main] INFO  testCases.TC001_AccountRegistrationTest - *** Validating Expexted Messages ***
06:39:26.647 [main] INFO  testCases.TC001_AccountRegistrationTest - *** Strating TC001_AccountRegistrationTest ***
06:39:26.759 [main] INFO  testCases.TC001_AccountRegistrationTest - *** Clicked on MyAccount link ***
06:39:27.201 [main] INFO  testCases.TC001_AccountRegistrationTest - *** clicked on Register link ***
06:39:27.205 [main] INFO  testCases.TC001_AccountRegistrationTest - *** Providing Customer Details ***
06:39:32.476 [main] INFO  testCases.TC001_AccountRegistrationTest - *** Validating Expexted Messages ***
06:39:32.476 [main] INFO  testCases.TC001_AccountRegistrationTest - *** Finished TC001_AccountRegistrationTest ***
06:56:36.361 [main] INFO  testCases.TC001_AccountRegistrationTest - *** Strating TC001_AccountRegistrationTest ***
06:56:36.484 [main] INFO  testCases.TC001_AccountRegistrationTest - *** Clicked on MyAccount link ***
06:56:36.997 [main] INFO  testCases.TC001_AccountRegistrationTest - *** clicked on Register link ***
06:56:37.002 [main] INFO  testCases.TC001_AccountRegistrationTest - *** Providing Customer Details ***
06:56:42.149 [main] INFO  testCases.TC001_AccountRegistrationTest - *** Validating Expexted Messages ***
07:38:58.981 [main] INFO  testCases.TC001_AccountRegistrationTest - *** Strating TC001_AccountRegistrationTest ***
07:38:59.105 [main] INFO  testCases.TC001_AccountRegistrationTest - *** Clicked on MyAccount link ***
07:38:59.550 [main] INFO  testCases.TC001_AccountRegistrationTest - *** clicked on Register link ***
07:38:59.555 [main] INFO  testCases.TC001_AccountRegistrationTest - *** Providing Customer Details ***
07:39:04.889 [main] INFO  testCases.TC001_AccountRegistrationTest - *** Validating Expected Messages... ***
07:39:14.945 [main] ERROR testCases.TC001_AccountRegistrationTest - Account Registration Failed..
07:40:56.910 [main] INFO  testCases.TC001_AccountRegistrationTest - *** Strating TC001_AccountRegistrationTest ***
07:40:57.027 [main] INFO  testCases.TC001_AccountRegistrationTest - *** Clicked on MyAccount link ***
07:40:57.440 [main] INFO  testCases.TC001_AccountRegistrationTest - *** clicked on Register link ***
07:40:57.444 [main] INFO  testCases.TC001_AccountRegistrationTest - *** Providing Customer Details ***
07:41:02.359 [main] INFO  testCases.TC001_AccountRegistrationTest - *** Validating Expected Messages... ***
07:41:12.807 [main] ERROR testCases.TC001_AccountRegistrationTest - Account Registration Failed..
07:44:06.935 [main] INFO  testCases.TC001_AccountRegistrationTest - *** Strating TC001_AccountRegistrationTest ***
07:44:07.059 [main] INFO  testCases.TC001_AccountRegistrationTest - *** Clicked on MyAccount link ***
07:44:07.527 [main] INFO  testCases.TC001_AccountRegistrationTest - *** clicked on Register link ***
07:44:07.530 [main] INFO  testCases.TC001_AccountRegistrationTest - *** Providing Customer Details ***
07:44:12.323 [main] INFO  testCases.TC001_AccountRegistrationTest - *** Validating Expected Messages... ***
