21:28:06.522 [main] DEBUG testCases.TC001_AccountRegistrationTest - Debug logs.....
21:28:39.542 [main] INFO  testCases.TC001_AccountRegistrationTest - *** Strating TC001_AccountRegistrationTest ***
21:28:39.739 [main] INFO  testCases.TC001_AccountRegistrationTest - *** Clicked on MyAccount link ***
21:28:40.368 [main] INFO  testCases.TC001_AccountRegistrationTest - *** clicked on Register link ***
21:28:40.481 [main] INFO  testCases.TC001_AccountRegistrationTest - *** Providing Customer Details ***
21:28:45.753 [main] INFO  testCases.TC001_AccountRegistrationTest - *** Validating Expected Messages... ***
21:28:47.994 [main] INFO  testCases.TC001_AccountRegistrationTest - *** Finished TC001_AccountRegistrationTest ***
21:29:07.575 [main] INFO  testCases.TC001_AccountRegistrationTest - *** Strating TC001_AccountRegistrationTest ***
21:29:08.067 [main] INFO  testCases.TC001_AccountRegistrationTest - *** Clicked on MyAccount link ***
21:29:08.596 [main] INFO  testCases.TC001_AccountRegistrationTest - *** clicked on Register link ***
21:29:08.600 [main] INFO  testCases.TC001_AccountRegistrationTest - *** Providing Customer Details ***
21:29:12.061 [main] INFO  testCases.TC001_AccountRegistrationTest - *** Validating Expected Messages... ***
21:29:14.020 [main] INFO  testCases.TC001_AccountRegistrationTest - *** Finished TC001_AccountRegistrationTest ***
21:36:57.758 [TestNG-test-ChromeTest-1] INFO  testCases.TC001_AccountRegistrationTest - *** Strating TC001_AccountRegistrationTest ***
21:36:57.891 [TestNG-test-ChromeTest-1] INFO  testCases.TC001_AccountRegistrationTest - *** Clicked on MyAccount link ***
21:36:58.487 [TestNG-test-ChromeTest-1] INFO  testCases.TC001_AccountRegistrationTest - *** clicked on Register link ***
21:36:58.497 [TestNG-test-ChromeTest-1] INFO  testCases.TC001_AccountRegistrationTest - *** Providing Customer Details ***
21:37:02.491 [TestNG-test-ChromeTest-1] INFO  testCases.TC001_AccountRegistrationTest - *** Validating Expected Messages... ***
21:37:04.594 [TestNG-test-ChromeTest-1] INFO  testCases.TC001_AccountRegistrationTest - *** Finished TC001_AccountRegistrationTest ***
21:37:07.604 [TestNG-test-EdgeTest-1] INFO  testCases.TC001_AccountRegistrationTest - *** Strating TC001_AccountRegistrationTest ***
21:37:07.730 [TestNG-test-EdgeTest-1] INFO  testCases.TC001_AccountRegistrationTest - *** Clicked on MyAccount link ***
21:37:08.244 [TestNG-test-EdgeTest-1] INFO  testCases.TC001_AccountRegistrationTest - *** clicked on Register link ***
21:37:08.247 [TestNG-test-EdgeTest-1] INFO  testCases.TC001_AccountRegistrationTest - *** Providing Customer Details ***
21:37:11.901 [TestNG-test-EdgeTest-1] INFO  testCases.TC001_AccountRegistrationTest - *** Validating Expected Messages... ***
21:37:13.830 [TestNG-test-EdgeTest-1] INFO  testCases.TC001_AccountRegistrationTest - *** Finished TC001_AccountRegistrationTest ***
21:37:19.021 [TestNG-test-FirefoxTest-1] INFO  testCases.TC001_AccountRegistrationTest - *** Strating TC001_AccountRegistrationTest ***
21:37:19.143 [TestNG-test-FirefoxTest-1] INFO  testCases.TC001_AccountRegistrationTest - *** Clicked on MyAccount link ***
21:37:20.165 [TestNG-test-FirefoxTest-1] INFO  testCases.TC001_AccountRegistrationTest - *** clicked on Register link ***
21:37:20.166 [TestNG-test-FirefoxTest-1] INFO  testCases.TC001_AccountRegistrationTest - *** Providing Customer Details ***
21:37:23.381 [TestNG-test-FirefoxTest-1] INFO  testCases.TC001_AccountRegistrationTest - *** Validating Expected Messages... ***
21:37:25.554 [TestNG-test-FirefoxTest-1] INFO  testCases.TC001_AccountRegistrationTest - *** Finished TC001_AccountRegistrationTest ***
21:40:57.964 [TestNG-tests-1] INFO  testCases.TC001_AccountRegistrationTest - *** Strating TC001_AccountRegistrationTest ***
21:40:58.155 [TestNG-tests-2] INFO  testCases.TC001_AccountRegistrationTest - *** Strating TC001_AccountRegistrationTest ***
21:40:58.161 [TestNG-tests-1] INFO  testCases.TC001_AccountRegistrationTest - *** Clicked on MyAccount link ***
21:40:58.312 [TestNG-tests-2] INFO  testCases.TC001_AccountRegistrationTest - *** Clicked on MyAccount link ***
21:40:59.348 [TestNG-tests-1] INFO  testCases.TC001_AccountRegistrationTest - *** clicked on Register link ***
21:40:59.472 [TestNG-tests-1] INFO  testCases.TC001_AccountRegistrationTest - *** Providing Customer Details ***
21:41:02.027 [TestNG-tests-2] INFO  testCases.TC001_AccountRegistrationTest - *** clicked on Register link ***
21:41:02.051 [TestNG-tests-2] INFO  testCases.TC001_AccountRegistrationTest - *** Providing Customer Details ***
21:41:07.984 [TestNG-tests-3] INFO  testCases.TC001_AccountRegistrationTest - *** Strating TC001_AccountRegistrationTest ***
21:41:08.255 [TestNG-tests-3] INFO  testCases.TC001_AccountRegistrationTest - *** Clicked on MyAccount link ***
21:41:10.317 [TestNG-tests-3] INFO  testCases.TC001_AccountRegistrationTest - *** clicked on Register link ***
21:41:10.386 [TestNG-tests-3] INFO  testCases.TC001_AccountRegistrationTest - *** Providing Customer Details ***
