13:22:20.855 [TestNG-tests-1] DEBUG testCases.TC005_AlertsTest - Debug logs.....
13:22:23.841 [TestNG-tests-1] INFO  testCases.TC006_iFrameTest - ***  Starting TC006_iFrameTest   ***
13:22:28.057 [TestNG-tests-1] INFO  testCases.TC006_iFrameTest - Clicked on The Skip Button
13:22:28.805 [TestNG-tests-1] INFO  testCases.TC006_iFrameTest - iFrame Page Opened
13:22:28.807 [TestNG-tests-1] INFO  testCases.TC006_iFrameTest - *** Handled Single iFrame ***
13:22:29.018 [TestNG-tests-1] INFO  testCases.TC006_iFrameTest - entered text inside iFrame
13:22:29.510 [TestNG-tests-1] INFO  testCases.TC006_iFrameTest - *** Handled Nested iFrame ***
13:22:29.667 [TestNG-tests-1] INFO  testCases.TC006_iFrameTest - entered text inside iFrame
13:22:29.667 [TestNG-tests-1] INFO  testCases.TC006_iFrameTest - *** Finished TC006_iFrameTest ***
13:22:31.541 [TestNG-tests-1] INFO  testCases.TC007_WindowHandlingTest - ***  Starting TC007_WindowHandlingTest   ***
13:22:44.669 [TestNG-tests-1] ERROR testCases.TC007_WindowHandlingTest - Test Failed..
org.openqa.selenium.ElementNotInteractableException: element not interactable
  (Session info: chrome=148.0.7778.216)
Build info: version: '4.41.0', revision: '9fc754f'
System info: os.name: 'Windows 11', os.arch: 'amd64', os.version: '10.0', java.version: '21.0.11'
Driver info: org.openqa.selenium.chrome.ChromeDriver
Command: [416a2d12b45c4b90f4a5bd8ea89a6187, clickElement {id=f.3B18AE432DD5869CF664B3DE72F2740C.d.3D1962675044081D717432A1E2CCB5C6.e.139}]
Capabilities {acceptInsecureCerts: false, browserName: chrome, browserVersion: 148.0.7778.216, chrome: {chromedriverVersion: 148.0.7778.178 (d096af1c9e9..., userDataDir: C:\Users\madhu\AppData\Loca...}, fedcm:accounts: true, goog:chromeOptions: {debuggerAddress: localhost:63108}, goog:processID: 17172, networkConnectionEnabled: false, pageLoadStrategy: normal, platformName: windows, proxy: Proxy(), se:cdp: ws://localhost:63108/devtoo..., se:cdpVersion: 148.0.7778.216, setWindowRect: true, strictFileInteractability: false, timeouts: {implicit: 0, pageLoad: 300000, script: 30000}, unhandledPromptBehavior: dismiss and notify, webauthn:extension:credBlob: true, webauthn:extension:largeBlob: true, webauthn:extension:minPinLength: true, webauthn:extension:prf: true, webauthn:virtualAuthenticators: true}
Element: [[ChromeDriver: chrome on windows (416a2d12b45c4b90f4a5bd8ea89a6187)] -> xpath: //a[text()='Windows']]
Session ID: 416a2d12b45c4b90f4a5bd8ea89a6187
	at org.openqa.selenium.remote.ErrorCodec.decode(ErrorCodec.java:169)
	at org.openqa.selenium.remote.codec.w3c.W3CHttpResponseCodec.decode(W3CHttpResponseCodec.java:142)
	at org.openqa.selenium.remote.codec.w3c.W3CHttpResponseCodec.decode(W3CHttpResponseCodec.java:49)
	at org.openqa.selenium.remote.HttpCommandExecutor.execute(HttpCommandExecutor.java:223)
	at org.openqa.selenium.remote.service.DriverCommandExecutor.invokeExecute(DriverCommandExecutor.java:216)
	at org.openqa.selenium.remote.service.DriverCommandExecutor.execute(DriverCommandExecutor.java:174)
	at org.openqa.selenium.remote.RemoteWebDriver.execute(RemoteWebDriver.java:604)
	at org.openqa.selenium.remote.RemoteWebElement.execute(RemoteWebElement.java:223)
	at org.openqa.selenium.remote.RemoteWebElement.click(RemoteWebElement.java:76)
	at pageObjects.WindowHandlingPage.skipPage(WindowHandlingPage.java:49)
	at testCases.TC007_WindowHandlingTest.WindowHandlingTest(TC007_WindowHandlingTest.java:18)
	at java.base/jdk.internal.reflect.DirectMethodHandleAccessor.invoke(DirectMethodHandleAccessor.java:103)
	at java.base/java.lang.reflect.Method.invoke(Method.java:580)
	at org.testng.internal.invokers.MethodInvocationHelper.invokeMethod(MethodInvocationHelper.java:141)
	at org.testng.internal.invokers.TestInvoker.invokeMethod(TestInvoker.java:697)
	at org.testng.internal.invokers.TestInvoker.invokeTestMethod(TestInvoker.java:230)
	at org.testng.internal.invokers.MethodRunner.runInSequence(MethodRunner.java:63)
	at org.testng.internal.invokers.TestInvoker$MethodInvocationAgent.invoke(TestInvoker.java:1005)
	at org.testng.internal.invokers.TestInvoker.invokeTestMethods(TestInvoker.java:203)
	at org.testng.internal.invokers.TestMethodWorker.invokeTestMethods(TestMethodWorker.java:154)
	at org.testng.internal.invokers.TestMethodWorker.run(TestMethodWorker.java:134)
	at java.base/java.util.ArrayList.forEach(ArrayList.java:1596)
	at org.testng.TestRunner.privateRun(TestRunner.java:744)
	at org.testng.TestRunner.run(TestRunner.java:616)
	at org.testng.SuiteRunner.runTest(SuiteRunner.java:421)
	at org.testng.SuiteRunner$SuiteWorker.run(SuiteRunner.java:463)
	at org.testng.internal.thread.ThreadUtil.lambda$execute$0(ThreadUtil.java:64)
	at java.base/java.util.concurrent.FutureTask.run$$$capture(FutureTask.java:317)
	at java.base/java.util.concurrent.FutureTask.run(FutureTask.java)
	at java.base/java.util.concurrent.ThreadPoolExecutor.runWorker(ThreadPoolExecutor.java:1144)
	at java.base/java.util.concurrent.ThreadPoolExecutor$Worker.run(ThreadPoolExecutor.java:642)
	at java.base/java.lang.Thread.run(Thread.java:1583)
