23:48:31.251 [main] INFO  testCases.TC001_AccountRegistrationTest - *** Strating TC001_AccountRegistrationTest ***
23:48:31.366 [main] INFO  testCases.TC001_AccountRegistrationTest - *** Clicked on MyAccount link ***
23:48:31.798 [main] INFO  testCases.TC001_AccountRegistrationTest - *** clicked on Register link ***
23:48:31.801 [main] INFO  testCases.TC001_AccountRegistrationTest - *** Providing Customer Details ***
23:48:32.202 [main] INFO  testCases.TC001_AccountRegistrationTest - *** entered FristName ***
23:48:32.269 [main] INFO  testCases.TC001_AccountRegistrationTest - *** entered lastName ***
23:48:32.470 [main] INFO  testCases.TC001_AccountRegistrationTest - *** entered emailAddress ***
23:48:32.558 [main] INFO  testCases.TC001_AccountRegistrationTest - *** entered phoneNumber ***
23:48:32.626 [main] INFO  testCases.TC001_AccountRegistrationTest - *** entered password ***
23:48:32.719 [main] INFO  testCases.TC001_AccountRegistrationTest - *** entered Re-Password ***
23:48:32.802 [main] INFO  testCases.TC001_AccountRegistrationTest - *** entered Newsletter ***
23:48:32.886 [main] INFO  testCases.TC001_AccountRegistrationTest - *** clicked setAgree button ***
23:48:36.279 [main] INFO  testCases.TC001_AccountRegistrationTest - *** clicked on Myaccount button ***
23:48:36.736 [main] INFO  testCases.TC001_AccountRegistrationTest - *** clicked Logout button ***
23:48:36.737 [main] INFO  testCases.TC001_AccountRegistrationTest - *** Validating Expected Messages... ***
23:48:36.737 [main] INFO  testCases.TC001_AccountRegistrationTest - *** Finished TC001_AccountRegistrationTest ***
23:48:38.808 [main] INFO  testCases.TC002_LoginTest - ***  Starting TC002_loginTest   ***
23:48:38.926 [main] INFO  testCases.TC002_LoginTest - *** Clicked on MyAccount link ***
23:48:39.373 [main] INFO  testCases.TC002_LoginTest - *** clicked on Login link ***
23:48:39.462 [main] INFO  testCases.TC002_LoginTest - *** Enterted  Email ***
23:48:39.519 [main] INFO  testCases.TC002_LoginTest - *** entered Password ***
23:48:39.570 [main] INFO  testCases.TC002_LoginTest - *** clicked Login Button ***
23:48:39.570 [main] INFO  testCases.TC002_LoginTest - *** Finished TC002_LoginTest ***
23:48:41.735 [main] INFO  testCases.TC004_AddressTest - *** Starting TC004_addNewAddressTest ***
23:48:41.826 [main] INFO  testCases.TC004_AddressTest - *** Clicked on MyAccount link ***
23:48:42.251 [main] INFO  testCases.TC004_AddressTest - *** clicked on Login button link ***
23:48:42.350 [main] INFO  testCases.TC004_AddressTest - *** Entered Email ***
23:48:42.402 [main] INFO  testCases.TC004_AddressTest - *** clicked on Entered ***
23:48:42.470 [main] INFO  testCases.TC004_AddressTest - *** clicked on Login button link ***
23:48:43.728 [main] INFO  testCases.TC004_AddressTest - *** clicked on New Address button link ***
23:48:43.888 [main] INFO  testCases.TC004_AddressTest - *** entered FristName ***
23:48:44.002 [main] INFO  testCases.TC004_AddressTest - *** entered LastName ***
23:48:44.130 [main] INFO  testCases.TC004_AddressTest - *** entered Company ***
23:48:44.321 [main] INFO  testCases.TC004_AddressTest - *** entered Address1 ***
23:48:44.502 [main] INFO  testCases.TC004_AddressTest - *** entered Address2 ***
23:48:44.597 [main] INFO  testCases.TC004_AddressTest - *** entered city ***
23:48:44.671 [main] INFO  testCases.TC004_AddressTest - *** entered PinCode ***
23:48:44.719 [main] INFO  testCases.TC004_AddressTest - *** entered Country ***
23:48:44.807 [main] INFO  testCases.TC004_AddressTest - *** entered State ***
23:48:45.241 [main] INFO  testCases.TC004_AddressTest - *** Finished TC004_AddressTest ***
