11:59:23.829 [main] INFO  testCases.TC001_AccountRegistrationTest - *** Validating Expected Messages... ***
11:59:25.059 [main] INFO  testCases.TC001_AccountRegistrationTest - *** Finished TC001_AccountRegistrationTest ***
12:03:24.588 [main] INFO  testCases.TC001_AccountRegistrationTest - *** Strating TC001_AccountRegistrationTest ***
12:03:24.740 [main] INFO  testCases.TC001_AccountRegistrationTest - *** Clicked on MyAccount link ***
12:03:25.275 [main] INFO  testCases.TC001_AccountRegistrationTest - *** clicked on Register link ***
12:03:25.287 [main] INFO  testCases.TC001_AccountRegistrationTest - *** Providing Customer Details ***
12:03:29.585 [main] INFO  testCases.TC001_AccountRegistrationTest - *** Validating Expected Messages... ***
12:03:30.636 [main] INFO  testCases.TC001_AccountRegistrationTest - *** Finished TC001_AccountRegistrationTest ***
12:10:48.512 [main] INFO  testCases.TC001_AccountRegistrationTest - *** Strating TC001_AccountRegistrationTest ***
12:10:48.776 [main] INFO  testCases.TC001_AccountRegistrationTest - *** Clicked on MyAccount link ***
12:10:49.325 [main] INFO  testCases.TC001_AccountRegistrationTest - *** clicked on Register link ***
12:10:49.329 [main] INFO  testCases.TC001_AccountRegistrationTest - *** Providing Customer Details ***
12:10:53.355 [main] INFO  testCases.TC001_AccountRegistrationTest - *** Validating Expected Messages... ***
12:10:54.696 [main] INFO  testCases.TC001_AccountRegistrationTest - *** Finished TC001_AccountRegistrationTest ***
12:10:56.863 [main] INFO  testCases.TC002_LoginTest - ***  Starting TC002_loginTest   ***
12:10:56.954 [main] INFO  testCases.TC002_LoginTest - *** Clicked on MyAccount link ***
12:10:57.431 [main] INFO  testCases.TC002_LoginTest - *** clicked on Login link ***
12:10:57.560 [main] INFO  testCases.TC002_LoginTest - *** Enterted  Email ***
12:10:57.634 [main] INFO  testCases.TC002_LoginTest - *** entered Password ***
12:10:58.291 [main] INFO  testCases.TC002_LoginTest - *** Finished TC002_LoginTest ***
12:26:55.415 [main] INFO  testCases.TC001_AccountRegistrationTest - *** Strating TC001_AccountRegistrationTest ***
12:26:55.630 [main] INFO  testCases.TC001_AccountRegistrationTest - *** Clicked on MyAccount link ***
12:26:56.397 [main] INFO  testCases.TC001_AccountRegistrationTest - *** clicked on Register link ***
12:26:56.405 [main] INFO  testCases.TC001_AccountRegistrationTest - *** Providing Customer Details ***
12:27:01.072 [main] INFO  testCases.TC001_AccountRegistrationTest - *** Validating Expected Messages... ***
12:27:02.133 [main] INFO  testCases.TC001_AccountRegistrationTest - *** Finished TC001_AccountRegistrationTest ***
12:27:04.217 [main] INFO  testCases.TC002_LoginTest - ***  Starting TC002_loginTest   ***
12:27:04.426 [main] INFO  testCases.TC002_LoginTest - *** Clicked on MyAccount link ***
12:27:05.513 [main] INFO  testCases.TC002_LoginTest - *** clicked on Login link ***
12:27:05.738 [main] INFO  testCases.TC002_LoginTest - *** Enterted  Email ***
12:27:06.053 [main] INFO  testCases.TC002_LoginTest - *** entered Password ***
12:27:06.691 [main] INFO  testCases.TC002_LoginTest - *** Finished TC002_LoginTest ***
12:35:29.791 [main] INFO  testCases.TC001_AccountRegistrationTest - *** Strating TC001_AccountRegistrationTest ***
12:35:29.926 [main] INFO  testCases.TC001_AccountRegistrationTest - *** Clicked on MyAccount link ***
12:35:30.628 [main] INFO  testCases.TC001_AccountRegistrationTest - *** clicked on Register link ***
12:35:30.635 [main] INFO  testCases.TC001_AccountRegistrationTest - *** Providing Customer Details ***
12:35:34.338 [main] INFO  testCases.TC001_AccountRegistrationTest - *** Validating Expected Messages... ***
12:35:35.434 [main] INFO  testCases.TC001_AccountRegistrationTest - *** Finished TC001_AccountRegistrationTest ***
12:35:37.305 [main] INFO  testCases.TC002_LoginTest - ***  Starting TC002_loginTest   ***
12:35:38.936 [main] INFO  testCases.TC002_LoginTest - *** Clicked on MyAccount link ***
12:35:39.451 [main] INFO  testCases.TC002_LoginTest - *** clicked on Login link ***
12:35:39.615 [main] INFO  testCases.TC002_LoginTest - *** Enterted  Email ***
12:35:39.729 [main] INFO  testCases.TC002_LoginTest - *** entered Password ***
12:35:40.277 [main] INFO  testCases.TC002_LoginTest - *** clicked Login Button ***
12:35:40.320 [main] INFO  testCases.TC002_LoginTest - *** Finished TC002_LoginTest ***
12:37:19.261 [main] INFO  testCases.TC001_AccountRegistrationTest - *** Strating TC001_AccountRegistrationTest ***
12:37:19.382 [main] INFO  testCases.TC001_AccountRegistrationTest - *** Clicked on MyAccount link ***
12:37:19.891 [main] INFO  testCases.TC001_AccountRegistrationTest - *** clicked on Register link ***
12:37:19.903 [main] INFO  testCases.TC001_AccountRegistrationTest - *** Providing Customer Details ***
12:37:24.552 [main] INFO  testCases.TC001_AccountRegistrationTest - *** Validating Expected Messages... ***
12:37:25.775 [main] INFO  testCases.TC001_AccountRegistrationTest - *** Finished TC001_AccountRegistrationTest ***
